   1              		.cpu arm7tdmi
   2              		.fpu softvfp
   3              		.eabi_attribute 20, 1
   4              		.eabi_attribute 21, 1
   5              		.eabi_attribute 23, 3
   6              		.eabi_attribute 24, 1
   7              		.eabi_attribute 25, 1
   8              		.eabi_attribute 26, 1
   9              		.eabi_attribute 30, 6
  10              		.eabi_attribute 18, 4
  11              		.file	"led.c"
  21              	.Ltext0:
  22              		.file 1 "../led.c"
 1881              		.align	2
 1882              		.global	leds_on
 1884              	leds_on:
 1885              	.LFB0:
   1:../led.c      **** /*********************************************************************************************
   2:../led.c      **** * Fichero:		led.c
   3:../led.c      **** * Autor:
   4:../led.c      **** * Descrip:		funciones de control de los LED de la placa
   5:../led.c      **** * Version:
   6:../led.c      **** *********************************************************************************************/
   7:../led.c      **** 
   8:../led.c      **** /*--- ficheros de cabecera ---*/
   9:../led.c      **** #include "44b.h"
  10:../led.c      **** #include "44blib.h"
  11:../led.c      **** 
  12:../led.c      **** /*--- variables globales ---*/
  13:../led.c      **** int led_state;							// estado del LED
  14:../led.c      **** 
  15:../led.c      **** /*--- declaracion de funciones ---*/
  16:../led.c      **** void leds_on();							// todos los leds encendidos
  17:../led.c      **** void leds_off();						// todos los leds apagados
  18:../led.c      **** void led1_on();							// led 1 encendido
  19:../led.c      **** void led1_off();						// led 1 apagado
  20:../led.c      **** void led2_on();							// led 2 encendido
  21:../led.c      **** void led2_off();						// led 2 apagado
  22:../led.c      **** void leds_switch();						// invierte el valor de los leds
  23:../led.c      **** void Led_Display(int LedStatus);		// control directo del LED
  24:../led.c      **** 
  25:../led.c      **** /*--- codigo de las funciones ---*/
  26:../led.c      **** void leds_on()
  27:../led.c      **** {
 1886              		.loc 1 27 0
 1887              		.cfi_startproc
 1888              		@ Function supports interworking.
 1889              		@ args = 0, pretend = 0, frame = 0
 1890              		@ frame_needed = 1, uses_anonymous_args = 0
 1891 0000 0DC0A0E1 		mov	ip, sp
 1892              	.LCFI0:
 1893              		.cfi_def_cfa_register 12
 1894 0004 00D82DE9 		stmfd	sp!, {fp, ip, lr, pc}
 1895 0008 04B04CE2 		sub	fp, ip, #4
 1896              		.cfi_offset 14, -8
 1897              		.cfi_offset 13, -12
 1898              		.cfi_offset 11, -16
 1899              	.LCFI1:
 1900              		.cfi_def_cfa 11, 4
  28:../led.c      **** 	Led_Display(0x3);
 1901              		.loc 1 28 0
 1902 000c 0300A0E3 		mov	r0, #3
 1903 0010 FEFFFFEB 		bl	Led_Display
  29:../led.c      **** }
 1904              		.loc 1 29 0
 1905 0014 0CD04BE2 		sub	sp, fp, #12
 1906 0018 00689DE8 		ldmfd	sp, {fp, sp, lr}
 1907 001c 1EFF2FE1 		bx	lr
 1908              		.cfi_endproc
 1909              	.LFE0:
 1911              		.align	2
 1912              		.global	leds_off
 1914              	leds_off:
 1915              	.LFB1:
  30:../led.c      **** 
  31:../led.c      **** void leds_off()
  32:../led.c      **** {
 1916              		.loc 1 32 0
 1917              		.cfi_startproc
 1918              		@ Function supports interworking.
 1919              		@ args = 0, pretend = 0, frame = 0
 1920              		@ frame_needed = 1, uses_anonymous_args = 0
 1921 0020 0DC0A0E1 		mov	ip, sp
 1922              	.LCFI2:
 1923              		.cfi_def_cfa_register 12
 1924 0024 00D82DE9 		stmfd	sp!, {fp, ip, lr, pc}
 1925 0028 04B04CE2 		sub	fp, ip, #4
 1926              		.cfi_offset 14, -8
 1927              		.cfi_offset 13, -12
 1928              		.cfi_offset 11, -16
 1929              	.LCFI3:
 1930              		.cfi_def_cfa 11, 4
  33:../led.c      **** 	Led_Display(0x0);
 1931              		.loc 1 33 0
 1932 002c 0000A0E3 		mov	r0, #0
 1933 0030 FEFFFFEB 		bl	Led_Display
  34:../led.c      **** }
 1934              		.loc 1 34 0
 1935 0034 0CD04BE2 		sub	sp, fp, #12
 1936 0038 00689DE8 		ldmfd	sp, {fp, sp, lr}
 1937 003c 1EFF2FE1 		bx	lr
 1938              		.cfi_endproc
 1939              	.LFE1:
 1941              		.align	2
 1942              		.global	led1_on
 1944              	led1_on:
 1945              	.LFB2:
  35:../led.c      **** 
  36:../led.c      **** void led1_on()
  37:../led.c      **** {
 1946              		.loc 1 37 0
 1947              		.cfi_startproc
 1948              		@ Function supports interworking.
 1949              		@ args = 0, pretend = 0, frame = 0
 1950              		@ frame_needed = 1, uses_anonymous_args = 0
 1951 0040 0DC0A0E1 		mov	ip, sp
 1952              	.LCFI4:
 1953              		.cfi_def_cfa_register 12
 1954 0044 00D82DE9 		stmfd	sp!, {fp, ip, lr, pc}
 1955 0048 04B04CE2 		sub	fp, ip, #4
 1956              		.cfi_offset 14, -8
 1957              		.cfi_offset 13, -12
 1958              		.cfi_offset 11, -16
 1959              	.LCFI5:
 1960              		.cfi_def_cfa 11, 4
  38:../led.c      **** 	led_state = led_state | 0x1;
 1961              		.loc 1 38 0
 1962 004c 28309FE5 		ldr	r3, .L4
 1963 0050 003093E5 		ldr	r3, [r3, #0]
 1964 0054 012083E3 		orr	r2, r3, #1
 1965 0058 1C309FE5 		ldr	r3, .L4
 1966 005c 002083E5 		str	r2, [r3, #0]
  39:../led.c      **** 	Led_Display(led_state);
 1967              		.loc 1 39 0
 1968 0060 14309FE5 		ldr	r3, .L4
 1969 0064 003093E5 		ldr	r3, [r3, #0]
 1970 0068 0300A0E1 		mov	r0, r3
 1971 006c FEFFFFEB 		bl	Led_Display
  40:../led.c      **** }
 1972              		.loc 1 40 0
 1973 0070 0CD04BE2 		sub	sp, fp, #12
 1974 0074 00689DE8 		ldmfd	sp, {fp, sp, lr}
 1975 0078 1EFF2FE1 		bx	lr
 1976              	.L5:
 1977              		.align	2
 1978              	.L4:
 1979 007c 00000000 		.word	led_state
 1980              		.cfi_endproc
 1981              	.LFE2:
 1983              		.align	2
 1984              		.global	led1_off
 1986              	led1_off:
 1987              	.LFB3:
  41:../led.c      **** 
  42:../led.c      **** void led1_off()
  43:../led.c      **** {
 1988              		.loc 1 43 0
 1989              		.cfi_startproc
 1990              		@ Function supports interworking.
 1991              		@ args = 0, pretend = 0, frame = 0
 1992              		@ frame_needed = 1, uses_anonymous_args = 0
 1993 0080 0DC0A0E1 		mov	ip, sp
 1994              	.LCFI6:
 1995              		.cfi_def_cfa_register 12
 1996 0084 00D82DE9 		stmfd	sp!, {fp, ip, lr, pc}
 1997 0088 04B04CE2 		sub	fp, ip, #4
 1998              		.cfi_offset 14, -8
 1999              		.cfi_offset 13, -12
 2000              		.cfi_offset 11, -16
 2001              	.LCFI7:
 2002              		.cfi_def_cfa 11, 4
  44:../led.c      **** 	led_state = led_state & 0xfe;
 2003              		.loc 1 44 0
 2004 008c 28309FE5 		ldr	r3, .L7
 2005 0090 003093E5 		ldr	r3, [r3, #0]
 2006 0094 FE2003E2 		and	r2, r3, #254
 2007 0098 1C309FE5 		ldr	r3, .L7
 2008 009c 002083E5 		str	r2, [r3, #0]
  45:../led.c      **** 	Led_Display(led_state);
 2009              		.loc 1 45 0
 2010 00a0 14309FE5 		ldr	r3, .L7
 2011 00a4 003093E5 		ldr	r3, [r3, #0]
 2012 00a8 0300A0E1 		mov	r0, r3
 2013 00ac FEFFFFEB 		bl	Led_Display
  46:../led.c      **** }
 2014              		.loc 1 46 0
 2015 00b0 0CD04BE2 		sub	sp, fp, #12
 2016 00b4 00689DE8 		ldmfd	sp, {fp, sp, lr}
 2017 00b8 1EFF2FE1 		bx	lr
 2018              	.L8:
 2019              		.align	2
 2020              	.L7:
 2021 00bc 00000000 		.word	led_state
 2022              		.cfi_endproc
 2023              	.LFE3:
 2025              		.align	2
 2026              		.global	led2_on
 2028              	led2_on:
 2029              	.LFB4:
  47:../led.c      **** 
  48:../led.c      **** void led2_on()
  49:../led.c      **** {
 2030              		.loc 1 49 0
 2031              		.cfi_startproc
 2032              		@ Function supports interworking.
 2033              		@ args = 0, pretend = 0, frame = 0
 2034              		@ frame_needed = 1, uses_anonymous_args = 0
 2035 00c0 0DC0A0E1 		mov	ip, sp
 2036              	.LCFI8:
 2037              		.cfi_def_cfa_register 12
 2038 00c4 00D82DE9 		stmfd	sp!, {fp, ip, lr, pc}
 2039 00c8 04B04CE2 		sub	fp, ip, #4
 2040              		.cfi_offset 14, -8
 2041              		.cfi_offset 13, -12
 2042              		.cfi_offset 11, -16
 2043              	.LCFI9:
 2044              		.cfi_def_cfa 11, 4
  50:../led.c      **** 	led_state = led_state | 0x2;
 2045              		.loc 1 50 0
 2046 00cc 28309FE5 		ldr	r3, .L10
 2047 00d0 003093E5 		ldr	r3, [r3, #0]
 2048 00d4 022083E3 		orr	r2, r3, #2
 2049 00d8 1C309FE5 		ldr	r3, .L10
 2050 00dc 002083E5 		str	r2, [r3, #0]
  51:../led.c      **** 	Led_Display(led_state);
 2051              		.loc 1 51 0
 2052 00e0 14309FE5 		ldr	r3, .L10
 2053 00e4 003093E5 		ldr	r3, [r3, #0]
 2054 00e8 0300A0E1 		mov	r0, r3
 2055 00ec FEFFFFEB 		bl	Led_Display
  52:../led.c      **** }
 2056              		.loc 1 52 0
 2057 00f0 0CD04BE2 		sub	sp, fp, #12
 2058 00f4 00689DE8 		ldmfd	sp, {fp, sp, lr}
 2059 00f8 1EFF2FE1 		bx	lr
 2060              	.L11:
 2061              		.align	2
 2062              	.L10:
 2063 00fc 00000000 		.word	led_state
 2064              		.cfi_endproc
 2065              	.LFE4:
 2067              		.align	2
 2068              		.global	led2_off
 2070              	led2_off:
 2071              	.LFB5:
  53:../led.c      **** 
  54:../led.c      **** void led2_off()
  55:../led.c      **** {
 2072              		.loc 1 55 0
 2073              		.cfi_startproc
 2074              		@ Function supports interworking.
 2075              		@ args = 0, pretend = 0, frame = 0
 2076              		@ frame_needed = 1, uses_anonymous_args = 0
 2077 0100 0DC0A0E1 		mov	ip, sp
 2078              	.LCFI10:
 2079              		.cfi_def_cfa_register 12
 2080 0104 00D82DE9 		stmfd	sp!, {fp, ip, lr, pc}
 2081 0108 04B04CE2 		sub	fp, ip, #4
 2082              		.cfi_offset 14, -8
 2083              		.cfi_offset 13, -12
 2084              		.cfi_offset 11, -16
 2085              	.LCFI11:
 2086              		.cfi_def_cfa 11, 4
  56:../led.c      **** 	led_state = led_state & 0xfd;
 2087              		.loc 1 56 0
 2088 010c 28309FE5 		ldr	r3, .L13
 2089 0110 003093E5 		ldr	r3, [r3, #0]
 2090 0114 FD2003E2 		and	r2, r3, #253
 2091 0118 1C309FE5 		ldr	r3, .L13
 2092 011c 002083E5 		str	r2, [r3, #0]
  57:../led.c      **** 	Led_Display(led_state);
 2093              		.loc 1 57 0
 2094 0120 14309FE5 		ldr	r3, .L13
 2095 0124 003093E5 		ldr	r3, [r3, #0]
 2096 0128 0300A0E1 		mov	r0, r3
 2097 012c FEFFFFEB 		bl	Led_Display
  58:../led.c      **** }
 2098              		.loc 1 58 0
 2099 0130 0CD04BE2 		sub	sp, fp, #12
 2100 0134 00689DE8 		ldmfd	sp, {fp, sp, lr}
 2101 0138 1EFF2FE1 		bx	lr
 2102              	.L14:
 2103              		.align	2
 2104              	.L13:
 2105 013c 00000000 		.word	led_state
 2106              		.cfi_endproc
 2107              	.LFE5:
 2109              		.align	2
 2110              		.global	leds_switch
 2112              	leds_switch:
 2113              	.LFB6:
  59:../led.c      **** 
  60:../led.c      **** void leds_switch()
  61:../led.c      **** {
 2114              		.loc 1 61 0
 2115              		.cfi_startproc
 2116              		@ Function supports interworking.
 2117              		@ args = 0, pretend = 0, frame = 0
 2118              		@ frame_needed = 1, uses_anonymous_args = 0
 2119 0140 0DC0A0E1 		mov	ip, sp
 2120              	.LCFI12:
 2121              		.cfi_def_cfa_register 12
 2122 0144 00D82DE9 		stmfd	sp!, {fp, ip, lr, pc}
 2123 0148 04B04CE2 		sub	fp, ip, #4
 2124              		.cfi_offset 14, -8
 2125              		.cfi_offset 13, -12
 2126              		.cfi_offset 11, -16
 2127              	.LCFI13:
 2128              		.cfi_def_cfa 11, 4
  62:../led.c      **** 	led_state ^= 0x03;
 2129              		.loc 1 62 0
 2130 014c 28309FE5 		ldr	r3, .L16
 2131 0150 003093E5 		ldr	r3, [r3, #0]
 2132 0154 032023E2 		eor	r2, r3, #3
 2133 0158 1C309FE5 		ldr	r3, .L16
 2134 015c 002083E5 		str	r2, [r3, #0]
  63:../led.c      **** 	Led_Display(led_state);
 2135              		.loc 1 63 0
 2136 0160 14309FE5 		ldr	r3, .L16
 2137 0164 003093E5 		ldr	r3, [r3, #0]
 2138 0168 0300A0E1 		mov	r0, r3
 2139 016c FEFFFFEB 		bl	Led_Display
  64:../led.c      **** 
  65:../led.c      **** }
 2140              		.loc 1 65 0
 2141 0170 0CD04BE2 		sub	sp, fp, #12
 2142 0174 00689DE8 		ldmfd	sp, {fp, sp, lr}
 2143 0178 1EFF2FE1 		bx	lr
 2144              	.L17:
 2145              		.align	2
 2146              	.L16:
 2147 017c 00000000 		.word	led_state
 2148              		.cfi_endproc
 2149              	.LFE6:
 2151              		.align	2
 2152              		.global	Led_Display
 2154              	Led_Display:
 2155              	.LFB7:
  66:../led.c      **** 
  67:../led.c      **** void Led_Display(int LedStatus)
  68:../led.c      **** {
 2156              		.loc 1 68 0
 2157              		.cfi_startproc
 2158              		@ Function supports interworking.
 2159              		@ args = 0, pretend = 0, frame = 8
 2160              		@ frame_needed = 1, uses_anonymous_args = 0
 2161 0180 0DC0A0E1 		mov	ip, sp
 2162              	.LCFI14:
 2163              		.cfi_def_cfa_register 12
 2164 0184 00D82DE9 		stmfd	sp!, {fp, ip, lr, pc}
 2165 0188 04B04CE2 		sub	fp, ip, #4
 2166              		.cfi_offset 14, -8
 2167              		.cfi_offset 13, -12
 2168              		.cfi_offset 11, -16
 2169              	.LCFI15:
 2170              		.cfi_def_cfa 11, 4
 2171 018c 08D04DE2 		sub	sp, sp, #8
 2172 0190 10000BE5 		str	r0, [fp, #-16]
  69:../led.c      **** 	led_state = LedStatus;
 2173              		.loc 1 69 0
 2174 0194 94309FE5 		ldr	r3, .L23
 2175 0198 10201BE5 		ldr	r2, [fp, #-16]
 2176 019c 002083E5 		str	r2, [r3, #0]
  70:../led.c      **** 
  71:../led.c      **** 	if ((LedStatus & 0x01) == 0x01)
 2177              		.loc 1 71 0
 2178 01a0 10301BE5 		ldr	r3, [fp, #-16]
 2179 01a4 013003E2 		and	r3, r3, #1
 2180 01a8 FF3003E2 		and	r3, r3, #255
 2181 01ac 000053E3 		cmp	r3, #0
 2182 01b0 0600000A 		beq	.L19
  72:../led.c      **** 		rPDATB = rPDATB & 0x5ff; /* poner a 0 el bit 9 del puerto B */
 2183              		.loc 1 72 0
 2184 01b4 78209FE5 		ldr	r2, .L23+4
 2185 01b8 74309FE5 		ldr	r3, .L23+4
 2186 01bc 001093E5 		ldr	r1, [r3, #0]
 2187 01c0 70309FE5 		ldr	r3, .L23+8
 2188 01c4 033001E0 		and	r3, r1, r3
 2189 01c8 003082E5 		str	r3, [r2, #0]
 2190 01cc 040000EA 		b	.L20
 2191              	.L19:
  73:../led.c      **** 	else
  74:../led.c      **** 		rPDATB = rPDATB | 0x200; /* poner a 1 el bit 9 del puerto B */
 2192              		.loc 1 74 0
 2193 01d0 5C309FE5 		ldr	r3, .L23+4
 2194 01d4 58209FE5 		ldr	r2, .L23+4
 2195 01d8 002092E5 		ldr	r2, [r2, #0]
 2196 01dc 022C82E3 		orr	r2, r2, #512
 2197 01e0 002083E5 		str	r2, [r3, #0]
 2198              	.L20:
  75:../led.c      **** 
  76:../led.c      **** 	if ((LedStatus & 0x02) == 0x02)
 2199              		.loc 1 76 0
 2200 01e4 10301BE5 		ldr	r3, [fp, #-16]
 2201 01e8 023003E2 		and	r3, r3, #2
 2202 01ec 000053E3 		cmp	r3, #0
 2203 01f0 0600000A 		beq	.L21
  77:../led.c      **** 		rPDATB = rPDATB & 0x3ff; /* poner a 0 el bit 10 del puerto B */
 2204              		.loc 1 77 0
 2205 01f4 38209FE5 		ldr	r2, .L23+4
 2206 01f8 34309FE5 		ldr	r3, .L23+4
 2207 01fc 003093E5 		ldr	r3, [r3, #0]
 2208 0200 033BA0E1 		mov	r3, r3, asl #22
 2209 0204 233BA0E1 		mov	r3, r3, lsr #22
 2210 0208 003082E5 		str	r3, [r2, #0]
 2211 020c 040000EA 		b	.L18
 2212              	.L21:
  78:../led.c      **** 	else
  79:../led.c      **** 		rPDATB = rPDATB | 0x400; /* poner a 1 el bit 10 del puerto B */
 2213              		.loc 1 79 0
 2214 0210 1C309FE5 		ldr	r3, .L23+4
 2215 0214 18209FE5 		ldr	r2, .L23+4
 2216 0218 002092E5 		ldr	r2, [r2, #0]
 2217 021c 012B82E3 		orr	r2, r2, #1024
 2218 0220 002083E5 		str	r2, [r3, #0]
 2219              	.L18:
  80:../led.c      **** }
 2220              		.loc 1 80 0
 2221 0224 0CD04BE2 		sub	sp, fp, #12
 2222 0228 00689DE8 		ldmfd	sp, {fp, sp, lr}
 2223 022c 1EFF2FE1 		bx	lr
 2224              	.L24:
 2225              		.align	2
 2226              	.L23:
 2227 0230 00000000 		.word	led_state
 2228 0234 0C00D201 		.word	30539788
 2229 0238 FF050000 		.word	1535
 2230              		.cfi_endproc
 2231              	.LFE7:
 2233              	.Letext0:
DEFINED SYMBOLS
                            *ABS*:00000000 led.c
                            *COM*:00000004 led_state
C:\Users\guest\AppData\Local\Temp\cciM1Jir.s:1881   .text:00000000 $a
C:\Users\guest\AppData\Local\Temp\cciM1Jir.s:1884   .text:00000000 leds_on
C:\Users\guest\AppData\Local\Temp\cciM1Jir.s:2154   .text:00000180 Led_Display
C:\Users\guest\AppData\Local\Temp\cciM1Jir.s:1914   .text:00000020 leds_off
C:\Users\guest\AppData\Local\Temp\cciM1Jir.s:1944   .text:00000040 led1_on
C:\Users\guest\AppData\Local\Temp\cciM1Jir.s:1979   .text:0000007c $d
C:\Users\guest\AppData\Local\Temp\cciM1Jir.s:1983   .text:00000080 $a
C:\Users\guest\AppData\Local\Temp\cciM1Jir.s:1986   .text:00000080 led1_off
C:\Users\guest\AppData\Local\Temp\cciM1Jir.s:2021   .text:000000bc $d
C:\Users\guest\AppData\Local\Temp\cciM1Jir.s:2025   .text:000000c0 $a
C:\Users\guest\AppData\Local\Temp\cciM1Jir.s:2028   .text:000000c0 led2_on
C:\Users\guest\AppData\Local\Temp\cciM1Jir.s:2063   .text:000000fc $d
C:\Users\guest\AppData\Local\Temp\cciM1Jir.s:2067   .text:00000100 $a
C:\Users\guest\AppData\Local\Temp\cciM1Jir.s:2070   .text:00000100 led2_off
C:\Users\guest\AppData\Local\Temp\cciM1Jir.s:2105   .text:0000013c $d
C:\Users\guest\AppData\Local\Temp\cciM1Jir.s:2109   .text:00000140 $a
C:\Users\guest\AppData\Local\Temp\cciM1Jir.s:2112   .text:00000140 leds_switch
C:\Users\guest\AppData\Local\Temp\cciM1Jir.s:2147   .text:0000017c $d
C:\Users\guest\AppData\Local\Temp\cciM1Jir.s:2151   .text:00000180 $a
C:\Users\guest\AppData\Local\Temp\cciM1Jir.s:2227   .text:00000230 $d
                     .debug_frame:00000010 $d

NO UNDEFINED SYMBOLS
